#
# There is insufficient memory for the Java Runtime Environment to continue.
# Native memory allocation (malloc) failed to allocate 969296 bytes for Chunk::new
# Possible reasons:
#   The system is out of physical RAM or swap space
#   The process is running with CompressedOops enabled, and the Java Heap may be blocking the growth of the native heap
# Possible solutions:
#   Reduce memory load on the system
#   Increase physical memory or swap space
#   Check if swap backing store is full
#   Decrease Java heap size (-Xmx/-Xms)
#   Decrease number of Java threads
#   Decrease Java thread stack sizes (-Xss)
#   Set larger code cache with -XX:ReservedCodeCacheSize=
#   JVM is running with Unscaled Compressed Oops mode in which the Java heap is
#     placed in the first 4GB address space. The Java Heap base address is the
#     maximum limit for the native heap growth. Please use -XX:HeapBaseMinAddress
#     to set the Java Heap base and to place the Java Heap above 4GB virtual address.
# This output file may be truncated or incomplete.
#
#  Out of Memory Error (./src/hotspot/share/memory/arena.cpp:197), pid=62204, tid=62316
#
# JRE version: OpenJDK Runtime Environment (11.0.12+7) (build 11.0.12+7-b1504.28-7817840)
# Java VM: OpenJDK 64-Bit Server VM (11.0.12+7-b1504.28-7817840, mixed mode, tiered, compressed oops, g1 gc, windows-amd64)
# No core dump will be written. Minidumps are not enabled by default on client versions of Windows
#

---------------  S U M M A R Y ------------

Command Line: org.jetbrains.kotlin.cli.jvm.K2JVMCompiler @C:\Users\Lenovo\AndroidStudioProjects\6monthProject\app\build\20230131_16101190902622119725.compiler.options

Host: AMD Ryzen 5 5500U with Radeon Graphics         , 12 cores, 5G,  Windows 10 , 64 bit Build 22000 (10.0.22000.1335)
Time: Tue Jan 31 16:10:37 2023 Центральная Азия (зима) elapsed time: 4.798985 seconds (0d 0h 0m 4s)

---------------  T H R E A D  ---------------

Current thread (0x00000145b1bd5000):  JavaThread "C2 CompilerThread0" daemon [_thread_in_native, id=62316, stack(0x00000006f8900000,0x00000006f8a00000)]


Current CompileTask:
C2:   4799 3350       4       org.jetbrains.kotlin.parsing.AbstractKotlinParsing::at (114 bytes)

Stack: [0x00000006f8900000,0x00000006f8a00000]
Native frames: (J=compiled Java code, j=interpreted, Vv=VM code, C=native code)
V  [jvm.dll+0x5fbcea]
V  [jvm.dll+0x731905]
V  [jvm.dll+0x732f1d]
V  [jvm.dll+0x7335d3]
V  [jvm.dll+0x247bf8]
V  [jvm.dll+0xc018c]
V  [jvm.dll+0xc06cc]
V  [jvm.dll+0x2bcc04]
V  [jvm.dll+0x5113a8]
V  [jvm.dll+0x201b42]
V  [jvm.dll+0x1ff71f]
V  [jvm.dll+0x18868c]
V  [jvm.dll+0x20e0d7]
V  [jvm.dll+0x20c901]
V  [jvm.dll+0x6f9b7f]
V  [jvm.dll+0x6f26a5]
V  [jvm.dll+0x5fabf6]
C  [ucrtbase.dll+0x26c0c]
C  [KERNEL32.DLL+0x155a0]
C  [ntdll.dll+0x485b]


---------------  P R O C E S S  ---------------

Threads class SMR info:
_java_thread_list=0x00000145b38a2590, length=11, elements={
0x0000014597ead800, 0x00000145b137c000, 0x00000145b1372800, 0x00000145b1bd2000,
0x00000145b1bd3000, 0x00000145b1bd4000, 0x00000145b1bd5000, 0x00000145b1bde800,
0x00000145b1c09800, 0x00000145b1d8b800, 0x00000145b1dc0000
}

Java Threads: ( => current thread )
  0x0000014597ead800 JavaThread "main" [_thread_in_vm, id=62268, stack(0x00000006f7d00000,0x00000006f7e00000)]
  0x00000145b137c000 JavaThread "Reference Handler" daemon [_thread_blocked, id=62296, stack(0x00000006f8400000,0x00000006f8500000)]
  0x00000145b1372800 JavaThread "Finalizer" daemon [_thread_blocked, id=62300, stack(0x00000006f8500000,0x00000006f8600000)]
  0x00000145b1bd2000 JavaThread "Signal Dispatcher" daemon [_thread_blocked, id=62304, stack(0x00000006f8600000,0x00000006f8700000)]
  0x00000145b1bd3000 JavaThread "Attach Listener" daemon [_thread_blocked, id=62308, stack(0x00000006f8700000,0x00000006f8800000)]
  0x00000145b1bd4000 JavaThread "Service Thread" daemon [_thread_blocked, id=62312, stack(0x00000006f8800000,0x00000006f8900000)]
=>0x00000145b1bd5000 JavaThread "C2 CompilerThread0" daemon [_thread_in_native, id=62316, stack(0x00000006f8900000,0x00000006f8a00000)]
  0x00000145b1bde800 JavaThread "C1 CompilerThread0" daemon [_thread_blocked, id=62320, stack(0x00000006f8a00000,0x00000006f8b00000)]
  0x00000145b1c09800 JavaThread "Sweeper thread" daemon [_thread_blocked, id=62324, stack(0x00000006f8b00000,0x00000006f8c00000)]
  0x00000145b1d8b800 JavaThread "Common-Cleaner" daemon [_thread_blocked, id=62332, stack(0x00000006f8d00000,0x00000006f8e00000)]
  0x00000145b1dc0000 JavaThread "C2 CompilerThread1" daemon [_thread_in_native, id=29472, stack(0x00000006f8e00000,0x00000006f8f00000)]

Other Threads:
  0x00000145b1b80800 VMThread "VM Thread" [stack: 0x00000006f8300000,0x00000006f8400000] [id=62292]
  0x00000145b1d7d000 WatcherThread [stack: 0x00000006f8c00000,0x00000006f8d00000] [id=62328]
  0x0000014597ec5000 GCTaskThread "GC Thread#0" [stack: 0x00000006f7e00000,0x00000006f7f00000] [id=62272]
  0x00000145b2542000 GCTaskThread "GC Thread#1" [stack: 0x00000006f9000000,0x00000006f9100000] [id=62428]
  0x0000014597eee800 ConcurrentGCThread "G1 Main Marker" [stack: 0x00000006f7f00000,0x00000006f8000000] [id=62276]
  0x0000014597ef0800 ConcurrentGCThread "G1 Conc#0" [stack: 0x00000006f8000000,0x00000006f8100000] [id=62280]
  0x00000145b40a7000 ConcurrentGCThread "G1 Conc#1" [stack: 0x00000006f9100000,0x00000006f9200000] [id=55316]
  0x00000145b40af000 ConcurrentGCThread "G1 Conc#2" [stack: 0x00000006f9200000,0x00000006f9300000] [id=54344]
  0x00000145b11b5800 ConcurrentGCThread "G1 Refine#0" [stack: 0x00000006f8100000,0x00000006f8200000] [id=62284]
  0x00000145b11b7800 ConcurrentGCThread "G1 Young RemSet Sampling" [stack: 0x00000006f8200000,0x00000006f8300000] [id=62288]

Threads with active compile tasks:
C2 CompilerThread0   4841 3350       4       org.jetbrains.kotlin.parsing.AbstractKotlinParsing::at (114 bytes)
C2 CompilerThread1   4841 3437       4       jdk.internal.loader.BuiltinClassLoader::loadClassOrNull (7 bytes)

VM state:not at safepoint (normal execution)

VM Mutex/Monitor currently owned by a thread: None

Heap address: 0x00000000a2200000, size: 1502 MB, Compressed Oops mode: 32-bit
Narrow klass base: 0x0000000000000000, Narrow klass shift: 3
Compressed class space size: 1073741824 Address: 0x0000000100000000

Heap:
 garbage-first heap   total 118784K, used 44388K [0x00000000a2200000, 0x0000000100000000)
  region size 1024K, 23 young (23552K), 5 survivors (5120K)
 Metaspace       used 46288K, capacity 46871K, committed 46976K, reserved 1091584K
  class space    used 5516K, capacity 5739K, committed 5760K, reserved 1048576K
Heap Regions: E=young(eden), S=young(survivor), O=old, HS=humongous(starts), HC=humongous(continues), CS=collection set, F=free, A=archive, TAMS=top-at-mark-start (previous, next)
|   0|0x00000000a2200000, 0x00000000a2300000, 0x00000000a2300000|100%|HS|  |TAMS 0x00000000a2300000, 0x00000000a2200000| Complete 
|   1|0x00000000a2300000, 0x00000000a2400000, 0x00000000a2400000|100%|HC|  |TAMS 0x00000000a2400000, 0x00000000a2300000| Complete 
|   2|0x00000000a2400000, 0x00000000a2500000, 0x00000000a2500000|100%|HC|  |TAMS 0x00000000a2500000, 0x00000000a2400000| Complete 
|   3|0x00000000a2500000, 0x00000000a2600000, 0x00000000a2600000|100%| O|  |TAMS 0x00000000a2600000, 0x00000000a2500000| Untracked 
|   4|0x00000000a2600000, 0x00000000a2700000, 0x00000000a2700000|100%| O|  |TAMS 0x00000000a2700000, 0x00000000a2600000| Untracked 
|   5|0x00000000a2700000, 0x00000000a2800000, 0x00000000a2800000|100%|HS|  |TAMS 0x00000000a2800000, 0x00000000a2700000| Complete 
|   6|0x00000000a2800000, 0x00000000a2900000, 0x00000000a2900000|100%|HC|  |TAMS 0x00000000a2900000, 0x00000000a2800000| Complete 
|   7|0x00000000a2900000, 0x00000000a2a00000, 0x00000000a2a00000|100%|HC|  |TAMS 0x00000000a2a00000, 0x00000000a2900000| Complete 
|   8|0x00000000a2a00000, 0x00000000a2b00000, 0x00000000a2b00000|100%| O|  |TAMS 0x00000000a2b00000, 0x00000000a2a00000| Untracked 
|   9|0x00000000a2b00000, 0x00000000a2c00000, 0x00000000a2c00000|100%| O|  |TAMS 0x00000000a2c00000, 0x00000000a2b00000| Untracked 
|  10|0x00000000a2c00000, 0x00000000a2d00000, 0x00000000a2d00000|100%| O|  |TAMS 0x00000000a2d00000, 0x00000000a2c00000| Untracked 
|  11|0x00000000a2d00000, 0x00000000a2e00000, 0x00000000a2e00000|100%| O|  |TAMS 0x00000000a2e00000, 0x00000000a2d00000| Untracked 
|  12|0x00000000a2e00000, 0x00000000a2f00000, 0x00000000a2f00000|100%| O|  |TAMS 0x00000000a2f00000, 0x00000000a2e00000| Untracked 
|  13|0x00000000a2f00000, 0x00000000a3000000, 0x00000000a3000000|100%|HS|  |TAMS 0x00000000a2f00000, 0x00000000a2f00000| Complete 
|  14|0x00000000a3000000, 0x00000000a3100000, 0x00000000a3100000|100%|HC|  |TAMS 0x00000000a3000000, 0x00000000a3000000| Complete 
|  15|0x00000000a3100000, 0x00000000a3200000, 0x00000000a3200000|100%| O|  |TAMS 0x00000000a3200000, 0x00000000a3100000| Untracked 
|  16|0x00000000a3200000, 0x00000000a3300000, 0x00000000a3300000|100%| O|  |TAMS 0x00000000a3300000, 0x00000000a3200000| Untracked 
|  17|0x00000000a3300000, 0x00000000a3400000, 0x00000000a3400000|100%| O|  |TAMS 0x00000000a3400000, 0x00000000a3300000| Untracked 
|  18|0x00000000a3400000, 0x00000000a3500000, 0x00000000a3500000|100%| O|  |TAMS 0x00000000a3400000, 0x00000000a3400000| Untracked 
|  19|0x00000000a3500000, 0x00000000a3600000, 0x00000000a3600000|100%| O|  |TAMS 0x00000000a3500000, 0x00000000a3500000| Untracked 
|  20|0x00000000a3600000, 0x00000000a3700000, 0x00000000a3700000|100%| O|  |TAMS 0x00000000a3600000, 0x00000000a3600000| Untracked 
|  21|0x00000000a3700000, 0x00000000a375a000, 0x00000000a3800000| 35%| O|  |TAMS 0x00000000a3700000, 0x00000000a3700000| Untracked 
|  22|0x00000000a3800000, 0x00000000a3800000, 0x00000000a3900000|  0%| F|  |TAMS 0x00000000a3800000, 0x00000000a3800000| Untracked 
|  23|0x00000000a3900000, 0x00000000a3900000, 0x00000000a3a00000|  0%| F|  |TAMS 0x00000000a3900000, 0x00000000a3900000| Untracked 
|  24|0x00000000a3a00000, 0x00000000a3a00000, 0x00000000a3b00000|  0%| F|  |TAMS 0x00000000a3a00000, 0x00000000a3a00000| Untracked 
|  25|0x00000000a3b00000, 0x00000000a3b00000, 0x00000000a3c00000|  0%| F|  |TAMS 0x00000000a3b00000, 0x00000000a3b00000| Untracked 
|  26|0x00000000a3c00000, 0x00000000a3c00000, 0x00000000a3d00000|  0%| F|  |TAMS 0x00000000a3c00000, 0x00000000a3c00000| Untracked 
|  27|0x00000000a3d00000, 0x00000000a3d00000, 0x00000000a3e00000|  0%| F|  |TAMS 0x00000000a3d00000, 0x00000000a3d00000| Untracked 
|  28|0x00000000a3e00000, 0x00000000a3e00000, 0x00000000a3f00000|  0%| F|  |TAMS 0x00000000a3e00000, 0x00000000a3e00000| Untracked 
|  29|0x00000000a3f00000, 0x00000000a3f00000, 0x00000000a4000000|  0%| F|  |TAMS 0x00000000a3f00000, 0x00000000a3f00000| Untracked 
|  30|0x00000000a4000000, 0x00000000a4000000, 0x00000000a4100000|  0%| F|  |TAMS 0x00000000a4000000, 0x00000000a4000000| Untracked 
|  31|0x00000000a4100000, 0x00000000a4100000, 0x00000000a4200000|  0%| F|  |TAMS 0x00000000a4100000, 0x00000000a4100000| Untracked 
|  32|0x00000000a4200000, 0x00000000a4200000, 0x00000000a4300000|  0%| F|  |TAMS 0x00000000a4200000, 0x00000000a4200000| Untracked 
|  33|0x00000000a4300000, 0x00000000a4300000, 0x00000000a4400000|  0%| F|  |TAMS 0x00000000a4300000, 0x00000000a4300000| Untracked 
|  34|0x00000000a4400000, 0x00000000a4400000, 0x00000000a4500000|  0%| F|  |TAMS 0x00000000a4400000, 0x00000000a4400000| Untracked 
|  35|0x00000000a4500000, 0x00000000a4500000, 0x00000000a4600000|  0%| F|  |TAMS 0x00000000a4500000, 0x00000000a4500000| Untracked 
|  36|0x00000000a4600000, 0x00000000a4600000, 0x00000000a4700000|  0%| F|  |TAMS 0x00000000a4600000, 0x00000000a4600000| Untracked 
|  37|0x00000000a4700000, 0x00000000a4700000, 0x00000000a4800000|  0%| F|  |TAMS 0x00000000a4700000, 0x00000000a4700000| Untracked 
|  38|0x00000000a4800000, 0x00000000a4800000, 0x00000000a4900000|  0%| F|  |TAMS 0x00000000a4800000, 0x00000000a4800000| Untracked 
|  39|0x00000000a4900000, 0x00000000a4900000, 0x00000000a4a00000|  0%| F|  |TAMS 0x00000000a4900000, 0x00000000a4900000| Untracked 
|  40|0x00000000a4a00000, 0x00000000a4a00000, 0x00000000a4b00000|  0%| F|  |TAMS 0x00000000a4a00000, 0x00000000a4a00000| Untracked 
|  41|0x00000000a4b00000, 0x00000000a4b00000, 0x00000000a4c00000|  0%| F|  |TAMS 0x00000000a4b00000, 0x00000000a4b00000| Untracked 
|  42|0x00000000a4c00000, 0x00000000a4c00000, 0x00000000a4d00000|  0%| F|  |TAMS 0x00000000a4c00000, 0x00000000a4c00000| Untracked 
|  43|0x00000000a4d00000, 0x00000000a4d00000, 0x00000000a4e00000|  0%| F|  |TAMS 0x00000000a4d00000, 0x00000000a4d00000| Untracked 
|  44|0x00000000a4e00000, 0x00000000a4e00000, 0x00000000a4f00000|  0%| F|  |TAMS 0x00000000a4e00000, 0x00000000a4e00000| Untracked 
|  45|0x00000000a4f00000, 0x00000000a4f00000, 0x00000000a5000000|  0%| F|  |TAMS 0x00000000a4f00000, 0x00000000a4f00000| Untracked 
|  46|0x00000000a5000000, 0x00000000a5000000, 0x00000000a5100000|  0%| F|  |TAMS 0x00000000a5000000, 0x00000000a5000000| Untracked 
|  47|0x00000000a5100000, 0x00000000a51ff138, 0x00000000a5200000| 99%| S|CS|TAMS 0x00000000a5100000, 0x00000000a5100000| Complete 
|  48|0x00000000a5200000, 0x00000000a5300000, 0x00000000a5300000|100%| S|CS|TAMS 0x00000000a5200000, 0x00000000a5200000| Complete 
|  49|0x00000000a5300000, 0x00000000a5400000, 0x00000000a5400000|100%| S|CS|TAMS 0x00000000a5300000, 0x00000000a5300000| Complete 
|  50|0x00000000a5400000, 0x00000000a5500000, 0x00000000a5500000|100%| S|CS|TAMS 0x00000000a5400000, 0x00000000a5400000| Complete 
|  51|0x00000000a5500000, 0x00000000a5600000, 0x00000000a5600000|100%| S|CS|TAMS 0x00000000a5500000, 0x00000000a5500000| Complete 
|  52|0x00000000a5600000, 0x00000000a5600000, 0x00000000a5700000|  0%| F|  |TAMS 0x00000000a5600000, 0x00000000a5600000| Untracked 
|  53|0x00000000a5700000, 0x00000000a5700000, 0x00000000a5800000|  0%| F|  |TAMS 0x00000000a5700000, 0x00000000a5700000| Untracked 
|  54|0x00000000a5800000, 0x00000000a5800000, 0x00000000a5900000|  0%| F|  |TAMS 0x00000000a5800000, 0x00000000a5800000| Untracked 
|  55|0x00000000a5900000, 0x00000000a5900000, 0x00000000a5a00000|  0%| F|  |TAMS 0x00000000a5900000, 0x00000000a5900000| Untracked 
|  56|0x00000000a5a00000, 0x00000000a5a00000, 0x00000000a5b00000|  0%| F|  |TAMS 0x00000000a5a00000, 0x00000000a5a00000| Untracked 
|  57|0x00000000a5b00000, 0x00000000a5b00000, 0x00000000a5c00000|  0%| F|  |TAMS 0x00000000a5b00000, 0x00000000a5b00000| Untracked 
|  58|0x00000000a5c00000, 0x00000000a5c00000, 0x00000000a5d00000|  0%| F|  |TAMS 0x00000000a5c00000, 0x00000000a5c00000| Untracked 
|  59|0x00000000a5d00000, 0x00000000a5d00000, 0x00000000a5e00000|  0%| F|  |TAMS 0x00000000a5d00000, 0x00000000a5d00000| Untracked 
|  60|0x00000000a5e00000, 0x00000000a5e00000, 0x00000000a5f00000|  0%| F|  |TAMS 0x00000000a5e00000, 0x00000000a5e00000| Untracked 
|  61|0x00000000a5f00000, 0x00000000a5f00000, 0x00000000a6000000|  0%| F|  |TAMS 0x00000000a5f00000, 0x00000000a5f00000| Untracked 
|  62|0x00000000a6000000, 0x00000000a6000000, 0x00000000a6100000|  0%| F|  |TAMS 0x00000000a6000000, 0x00000000a6000000| Untracked 
|  63|0x00000000a6100000, 0x00000000a6100000, 0x00000000a6200000|  0%| F|  |TAMS 0x00000000a6100000, 0x00000000a6100000| Untracked 
|  64|0x00000000a6200000, 0x00000000a6200000, 0x00000000a6300000|  0%| F|  |TAMS 0x00000000a6200000, 0x00000000a6200000| Untracked 
|  65|0x00000000a6300000, 0x00000000a6300000, 0x00000000a6400000|  0%| F|  |TAMS 0x00000000a6300000, 0x00000000a6300000| Untracked 
|  66|0x00000000a6400000, 0x00000000a6400000, 0x00000000a6500000|  0%| F|  |TAMS 0x00000000a6400000, 0x00000000a6400000| Untracked 
|  67|0x00000000a6500000, 0x00000000a6500000, 0x00000000a6600000|  0%| F|  |TAMS 0x00000000a6500000, 0x00000000a6500000| Untracked 
|  68|0x00000000a6600000, 0x00000000a6600000, 0x00000000a6700000|  0%| F|  |TAMS 0x00000000a6600000, 0x00000000a6600000| Untracked 
|  69|0x00000000a6700000, 0x00000000a6700000, 0x00000000a6800000|  0%| F|  |TAMS 0x00000000a6700000, 0x00000000a6700000| Untracked 
|  70|0x00000000a6800000, 0x00000000a6800000, 0x00000000a6900000|  0%| F|  |TAMS 0x00000000a6800000, 0x00000000a6800000| Untracked 
|  71|0x00000000a6900000, 0x00000000a6900000, 0x00000000a6a00000|  0%| F|  |TAMS 0x00000000a6900000, 0x00000000a6900000| Untracked 
|  72|0x00000000a6a00000, 0x00000000a6a00000, 0x00000000a6b00000|  0%| F|  |TAMS 0x00000000a6a00000, 0x00000000a6a00000| Untracked 
|  73|0x00000000a6b00000, 0x00000000a6b00000, 0x00000000a6c00000|  0%| F|  |TAMS 0x00000000a6b00000, 0x00000000a6b00000| Untracked 
|  74|0x00000000a6c00000, 0x00000000a6c00000, 0x00000000a6d00000|  0%| F|  |TAMS 0x00000000a6c00000, 0x00000000a6c00000| Untracked 
|  75|0x00000000a6d00000, 0x00000000a6d00000, 0x00000000a6e00000|  0%| F|  |TAMS 0x00000000a6d00000, 0x00000000a6d00000| Untracked 
|  76|0x00000000a6e00000, 0x00000000a6e00000, 0x00000000a6f00000|  0%| F|  |TAMS 0x00000000a6e00000, 0x00000000a6e00000| Untracked 
|  77|0x00000000a6f00000, 0x00000000a6f00000, 0x00000000a7000000|  0%| F|  |TAMS 0x00000000a6f00000, 0x00000000a6f00000| Untracked 
|  78|0x00000000a7000000, 0x00000000a7000000, 0x00000000a7100000|  0%| F|  |TAMS 0x00000000a7000000, 0x00000000a7000000| Untracked 
|  79|0x00000000a7100000, 0x00000000a7100000, 0x00000000a7200000|  0%| F|  |TAMS 0x00000000a7100000, 0x00000000a7100000| Untracked 
|  80|0x00000000a7200000, 0x00000000a7200000, 0x00000000a7300000|  0%| F|  |TAMS 0x00000000a7200000, 0x00000000a7200000| Untracked 
|  81|0x00000000a7300000, 0x00000000a7300000, 0x00000000a7400000|  0%| F|  |TAMS 0x00000000a7300000, 0x00000000a7300000| Untracked 
|  82|0x00000000a7400000, 0x00000000a7400000, 0x00000000a7500000|  0%| F|  |TAMS 0x00000000a7400000, 0x00000000a7400000| Untracked 
|  83|0x00000000a7500000, 0x00000000a7500000, 0x00000000a7600000|  0%| F|  |TAMS 0x00000000a7500000, 0x00000000a7500000| Untracked 
|  84|0x00000000a7600000, 0x00000000a7600000, 0x00000000a7700000|  0%| F|  |TAMS 0x00000000a7600000, 0x00000000a7600000| Untracked 
|  85|0x00000000a7700000, 0x00000000a7700000, 0x00000000a7800000|  0%| F|  |TAMS 0x00000000a7700000, 0x00000000a7700000| Untracked 
|  86|0x00000000a7800000, 0x00000000a7800000, 0x00000000a7900000|  0%| F|  |TAMS 0x00000000a7800000, 0x00000000a7800000| Untracked 
|  87|0x00000000a7900000, 0x00000000a7900000, 0x00000000a7a00000|  0%| F|  |TAMS 0x00000000a7900000, 0x00000000a7900000| Untracked 
|  88|0x00000000a7a00000, 0x00000000a7a00000, 0x00000000a7b00000|  0%| F|  |TAMS 0x00000000a7a00000, 0x00000000a7a00000| Untracked 
|  89|0x00000000a7b00000, 0x00000000a7b00000, 0x00000000a7c00000|  0%| F|  |TAMS 0x00000000a7b00000, 0x00000000a7b00000| Untracked 
|  90|0x00000000a7c00000, 0x00000000a7c00000, 0x00000000a7d00000|  0%| F|  |TAMS 0x00000000a7c00000, 0x00000000a7c00000| Untracked 
|  91|0x00000000a7d00000, 0x00000000a7d00000, 0x00000000a7e00000|  0%| F|  |TAMS 0x00000000a7d00000, 0x00000000a7d00000| Untracked 
|  92|0x00000000a7e00000, 0x00000000a7e00000, 0x00000000a7f00000|  0%| F|  |TAMS 0x00000000a7e00000, 0x00000000a7e00000| Untracked 
|  93|0x00000000a7f00000, 0x00000000a7f00000, 0x00000000a8000000|  0%| F|  |TAMS 0x00000000a7f00000, 0x00000000a7f00000| Untracked 
|  94|0x00000000a8000000, 0x00000000a8000000, 0x00000000a8100000|  0%| F|  |TAMS 0x00000000a8000000, 0x00000000a8000000| Untracked 
|  95|0x00000000a8100000, 0x00000000a8100000, 0x00000000a8200000|  0%| F|  |TAMS 0x00000000a8100000, 0x00000000a8100000| Untracked 
|  96|0x00000000a8200000, 0x00000000a8200000, 0x00000000a8300000|  0%| F|  |TAMS 0x00000000a8200000, 0x00000000a8200000| Untracked 
|  97|0x00000000a8300000, 0x00000000a8300000, 0x00000000a8400000|  0%| F|  |TAMS 0x00000000a8300000, 0x00000000a8300000| Untracked 
|  98|0x00000000a8400000, 0x00000000a8500000, 0x00000000a8500000|100%| E|  |TAMS 0x00000000a8400000, 0x00000000a8400000| Complete 
|  99|0x00000000a8500000, 0x00000000a8600000, 0x00000000a8600000|100%| E|CS|TAMS 0x00000000a8500000, 0x00000000a8500000| Complete 
| 100|0x00000000a8600000, 0x00000000a8700000, 0x00000000a8700000|100%| E|CS|TAMS 0x00000000a8600000, 0x00000000a8600000| Complete 
| 101|0x00000000a8700000, 0x00000000a8800000, 0x00000000a8800000|100%| E|CS|TAMS 0x00000000a8700000, 0x00000000a8700000| Complete 
| 102|0x00000000a8800000, 0x00000000a8900000, 0x00000000a8900000|100%| E|CS|TAMS 0x00000000a8800000, 0x00000000a8800000| Complete 
| 103|0x00000000a8900000, 0x00000000a8a00000, 0x00000000a8a00000|100%| E|CS|TAMS 0x00000000a8900000, 0x00000000a8900000| Complete 
| 104|0x00000000a8a00000, 0x00000000a8b00000, 0x00000000a8b00000|100%| E|CS|TAMS 0x00000000a8a00000, 0x00000000a8a00000| Complete 
| 105|0x00000000a8b00000, 0x00000000a8c00000, 0x00000000a8c00000|100%| E|CS|TAMS 0x00000000a8b00000, 0x00000000a8b00000| Complete 
| 106|0x00000000a8c00000, 0x00000000a8d00000, 0x00000000a8d00000|100%| E|CS|TAMS 0x00000000a8c00000, 0x00000000a8c00000| Complete 
| 107|0x00000000a8d00000, 0x00000000a8e00000, 0x00000000a8e00000|100%| E|CS|TAMS 0x00000000a8d00000, 0x00000000a8d00000| Complete 
| 108|0x00000000a8e00000, 0x00000000a8f00000, 0x00000000a8f00000|100%| E|CS|TAMS 0x00000000a8e00000, 0x00000000a8e00000| Complete 
| 109|0x00000000a8f00000, 0x00000000a9000000, 0x00000000a9000000|100%| E|CS|TAMS 0x00000000a8f00000, 0x00000000a8f00000| Complete 
| 110|0x00000000a9000000, 0x00000000a9100000, 0x00000000a9100000|100%| E|CS|TAMS 0x00000000a9000000, 0x00000000a9000000| Complete 
| 111|0x00000000a9100000, 0x00000000a9200000, 0x00000000a9200000|100%| E|CS|TAMS 0x00000000a9100000, 0x00000000a9100000| Complete 
| 112|0x00000000a9200000, 0x00000000a9300000, 0x00000000a9300000|100%| E|CS|TAMS 0x00000000a9200000, 0x00000000a9200000| Complete 
| 113|0x00000000a9300000, 0x00000000a9400000, 0x00000000a9400000|100%| E|CS|TAMS 0x00000000a9300000, 0x00000000a9300000| Complete 
| 114|0x00000000a9400000, 0x00000000a9500000, 0x00000000a9500000|100%| E|CS|TAMS 0x00000000a9400000, 0x00000000a9400000| Complete 
| 115|0x00000000a9500000, 0x00000000a9600000, 0x00000000a9600000|100%| E|CS|TAMS 0x00000000a9500000, 0x00000000a9500000| Complete 

Card table byte_map: [0x00000145ab1e0000,0x00000145ab4d0000] _byte_map_base: 0x00000145aaccf000

Marking Bits (Prev, Next): (CMBitMap*) 0x0000014597ee7f38, (CMBitMap*) 0x0000014597ee7f70
 Prev Bits: [0x00000145ab7c0000, 0x00000145acf38000)
 Next Bits: [0x00000145acf40000, 0x00000145ae6b8000)

Polling page: 0x0000014595e80000

Metaspace:

Usage:
  Non-class:     40.17 MB capacity,    39.86 MB (>99%) used,   248.01 KB ( <1%) free+waste,    66.38 KB ( <1%) overhead. 
      Class:      5.60 MB capacity,     5.39 MB ( 96%) used,   189.35 KB (  3%) free+waste,    29.56 KB ( <1%) overhead. 
       Both:     45.77 MB capacity,    45.25 MB ( 99%) used,   437.36 KB ( <1%) free+waste,    95.94 KB ( <1%) overhead. 

Virtual space:
  Non-class space:       42.00 MB reserved,      40.25 MB ( 96%) committed 
      Class space:        1.00 GB reserved,       5.63 MB ( <1%) committed 
             Both:        1.04 GB reserved,      45.88 MB (  4%) committed 

Chunk freelists:
   Non-Class:  84.00 KB
       Class:  21.00 KB
        Both:  105.00 KB

MaxMetaspaceSize: 17179869184.00 GB
CompressedClassSpaceSize: 1.00 GB
Initial GC threshold: 20.80 MB
Current GC threshold: 58.34 MB
CDS: off

CodeHeap 'non-profiled nmethods': size=120000Kb used=1472Kb max_used=1472Kb free=118527Kb
 bounds [0x00000145a3470000, 0x00000145a36e0000, 0x00000145aa9a0000]
CodeHeap 'profiled nmethods': size=120000Kb used=7299Kb max_used=7299Kb free=112700Kb
 bounds [0x000001459bf40000, 0x000001459c670000, 0x00000145a3470000]
CodeHeap 'non-nmethods': size=5760Kb used=1274Kb max_used=1323Kb free=4485Kb
 bounds [0x000001459b9a0000, 0x000001459bc10000, 0x000001459bf40000]
 total_blobs=4003 nmethods=3454 adapters=461
 compilation: enabled
              stopped_count=0, restarted_count=0
 full_count=0

Compilation events (20 events):
Event: 4.782 Thread 0x00000145b1bde800 3451       3       org.jetbrains.kotlin.com.intellij.lang.java.lexer._JavaLexer::goTo (21 bytes)
Event: 4.783 Thread 0x00000145b1bde800 nmethod 3451 0x000001459c65e010 code [0x000001459c65e1c0, 0x000001459c65e2d8]
Event: 4.783 Thread 0x00000145b1bde800 3454       3       org.jetbrains.kotlin.com.intellij.lang.java.lexer._JavaLexer::getTokenEnd (10 bytes)
Event: 4.783 Thread 0x00000145b1bde800 nmethod 3454 0x000001459c65e390 code [0x000001459c65e540, 0x000001459c65e6b8]
Event: 4.783 Thread 0x00000145b1bde800 3455       3       org.jetbrains.kotlin.com.intellij.lang.java.lexer._JavaLexer::yylength (10 bytes)
Event: 4.783 Thread 0x00000145b1bde800 nmethod 3455 0x000001459c65e790 code [0x000001459c65e940, 0x000001459c65ea38]
Event: 4.783 Thread 0x00000145b1bde800 3457       3       org.jetbrains.kotlin.com.intellij.psi.tree.IElementType::hashCode (19 bytes)
Event: 4.783 Thread 0x00000145b1bde800 nmethod 3457 0x000001459c65eb10 code [0x000001459c65ecc0, 0x000001459c65ee48]
Event: 4.783 Thread 0x00000145b1bde800 3456       1       org.jetbrains.kotlin.com.intellij.lang.java.lexer.JavaLexer::getTokenStart (5 bytes)
Event: 4.783 Thread 0x00000145b1bde800 nmethod 3456 0x00000145a35dff90 code [0x00000145a35e0140, 0x00000145a35e01f8]
Event: 4.783 Thread 0x00000145b1bde800 3460       3       org.jetbrains.kotlin.com.intellij.lang.java.lexer.JavaLexer::getBufferSequence (13 bytes)
Event: 4.783 Thread 0x00000145b1bde800 nmethod 3460 0x000001459c65ef10 code [0x000001459c65f0c0, 0x000001459c65f248]
Event: 4.784 Thread 0x00000145b1bde800 3461       3       org.jetbrains.kotlin.com.intellij.lang.java.lexer.JavaLexer::getTokenEnd (9 bytes)
Event: 4.784 Thread 0x00000145b1bde800 nmethod 3461 0x000001459c65f310 code [0x000001459c65f4c0, 0x000001459c65f608]
Event: 4.790 Thread 0x00000145b1bde800 3462       3       org.jetbrains.kotlin.com.intellij.openapi.vfs.VirtualFile::getExtension (24 bytes)
Event: 4.790 Thread 0x00000145b1bde800 nmethod 3462 0x000001459c65f690 code [0x000001459c65f880, 0x000001459c65fb88]
Event: 4.790 Thread 0x00000145b1bde800 3463       3       org.jetbrains.kotlin.com.intellij.openapi.util.io.FileUtilRt::getExtension (45 bytes)
Event: 4.790 Thread 0x00000145b1bde800 nmethod 3463 0x000001459c65fc90 code [0x000001459c65fe80, 0x000001459c6602a8]
Event: 4.790 Thread 0x00000145b1bde800 3464       3       org.jetbrains.kotlin.com.intellij.openapi.vfs.VirtualFile::getNameWithoutExtension (21 bytes)
Event: 4.791 Thread 0x00000145b1bde800 nmethod 3464 0x000001459c660410 code [0x000001459c660600, 0x000001459c660918]

GC Heap History (10 events):
Event: 0.776 GC heap before
{Heap before GC invocations=0 (full 0):
 garbage-first heap   total 96256K, used 27648K [0x00000000a2200000, 0x0000000100000000)
  region size 1024K, 24 young (24576K), 0 survivors (0K)
 Metaspace       used 12417K, capacity 12561K, committed 12800K, reserved 1060864K
  class space    used 1135K, capacity 1182K, committed 1280K, reserved 1048576K
}
Event: 0.784 GC heap after
{Heap after GC invocations=1 (full 0):
 garbage-first heap   total 96256K, used 6487K [0x00000000a2200000, 0x0000000100000000)
  region size 1024K, 3 young (3072K), 3 survivors (3072K)
 Metaspace       used 12417K, capacity 12561K, committed 12800K, reserved 1060864K
  class space    used 1135K, capacity 1182K, committed 1280K, reserved 1048576K
}
Event: 1.712 GC heap before
{Heap before GC invocations=1 (full 0):
 garbage-first heap   total 96256K, used 42327K [0x00000000a2200000, 0x0000000100000000)
  region size 1024K, 39 young (39936K), 3 survivors (3072K)
 Metaspace       used 20667K, capacity 20984K, committed 21248K, reserved 1069056K
  class space    used 2207K, capacity 2274K, committed 2304K, reserved 1048576K
}
Event: 1.730 GC heap after
{Heap after GC invocations=2 (full 0):
 garbage-first heap   total 96256K, used 9903K [0x00000000a2200000, 0x0000000100000000)
  region size 1024K, 7 young (7168K), 7 survivors (7168K)
 Metaspace       used 20667K, capacity 20984K, committed 21248K, reserved 1069056K
  class space    used 2207K, capacity 2274K, committed 2304K, reserved 1048576K
}
Event: 2.754 GC heap before
{Heap before GC invocations=3 (full 0):
 garbage-first heap   total 96256K, used 54959K [0x00000000a2200000, 0x0000000100000000)
  region size 1024K, 48 young (49152K), 7 survivors (7168K)
 Metaspace       used 31724K, capacity 32227K, committed 32512K, reserved 1077248K
  class space    used 3814K, capacity 4001K, committed 4096K, reserved 1048576K
}
Event: 2.778 GC heap after
{Heap after GC invocations=4 (full 0):
 garbage-first heap   total 96256K, used 16660K [0x00000000a2200000, 0x0000000100000000)
  region size 1024K, 4 young (4096K), 4 survivors (4096K)
 Metaspace       used 31724K, capacity 32227K, committed 32512K, reserved 1077248K
  class space    used 3814K, capacity 4001K, committed 4096K, reserved 1048576K
}
Event: 3.183 GC heap before
{Heap before GC invocations=4 (full 0):
 garbage-first heap   total 96256K, used 37140K [0x00000000a2200000, 0x0000000100000000)
  region size 1024K, 23 young (23552K), 4 survivors (4096K)
 Metaspace       used 34957K, capacity 35411K, committed 35584K, reserved 1081344K
  class space    used 4372K, capacity 4548K, committed 4608K, reserved 1048576K
}
Event: 3.200 GC heap after
{Heap after GC invocations=5 (full 0):
 garbage-first heap   total 96256K, used 21888K [0x00000000a2200000, 0x0000000100000000)
  region size 1024K, 4 young (4096K), 4 survivors (4096K)
 Metaspace       used 34957K, capacity 35411K, committed 35584K, reserved 1081344K
  class space    used 4372K, capacity 4548K, committed 4608K, reserved 1048576K
}
Event: 4.195 GC heap before
{Heap before GC invocations=6 (full 0):
 garbage-first heap   total 96256K, used 60800K [0x00000000a2200000, 0x0000000100000000)
  region size 1024K, 42 young (43008K), 4 survivors (4096K)
 Metaspace       used 41822K, capacity 42305K, committed 42496K, reserved 1087488K
  class space    used 5040K, capacity 5265K, committed 5376K, reserved 1048576K
}
Event: 4.211 GC heap after
{Heap after GC invocations=7 (full 0):
 garbage-first heap   total 118784K, used 24932K [0x00000000a2200000, 0x0000000100000000)
  region size 1024K, 5 young (5120K), 5 survivors (5120K)
 Metaspace       used 41822K, capacity 42305K, committed 42496K, reserved 1087488K
  class space    used 5040K, capacity 5265K, committed 5376K, reserved 1048576K
}

Deoptimization events (20 events):
Event: 4.563 Thread 0x0000014597ead800 Uncommon trap: trap_request=0xffffffc6 fr.pc=0x00000145a34ce960 relative=0x00000000000007c0
Event: 4.563 Thread 0x0000014597ead800 Uncommon trap: reason=bimorphic_or_optimized_type_check action=maybe_recompile pc=0x00000145a34ce960 method=java.util.HashMap.putVal(ILjava/lang/Object;Ljava/lang/Object;ZZ)Ljava/lang/Object; @ 203 c2
Event: 4.563 Thread 0x0000014597ead800 DEOPT PACKING pc=0x00000145a34ce960 sp=0x00000006f7dfd960
Event: 4.563 Thread 0x0000014597ead800 DEOPT UNPACKING pc=0x000001459b9ea1af sp=0x00000006f7dfd8f0 mode 2
Event: 4.568 Thread 0x0000014597ead800 Uncommon trap: trap_request=0xffffffc6 fr.pc=0x00000145a34ce960 relative=0x00000000000007c0
Event: 4.568 Thread 0x0000014597ead800 Uncommon trap: reason=bimorphic_or_optimized_type_check action=maybe_recompile pc=0x00000145a34ce960 method=java.util.HashMap.putVal(ILjava/lang/Object;Ljava/lang/Object;ZZ)Ljava/lang/Object; @ 203 c2
Event: 4.568 Thread 0x0000014597ead800 DEOPT PACKING pc=0x00000145a34ce960 sp=0x00000006f7dfd8f0
Event: 4.568 Thread 0x0000014597ead800 DEOPT UNPACKING pc=0x000001459b9ea1af sp=0x00000006f7dfd880 mode 2
Event: 4.614 Thread 0x0000014597ead800 Uncommon trap: trap_request=0xffffff4d fr.pc=0x00000145a35cd674 relative=0x0000000000000314
Event: 4.614 Thread 0x0000014597ead800 Uncommon trap: reason=unstable_if action=reinterpret pc=0x00000145a35cd674 method=org.jetbrains.kotlin.com.intellij.lang.impl.PsiBuilderImpl.whitespaceOrComment(Lorg/jetbrains/kotlin/com/intellij/psi/tree/IElementType;)Z @ 19 c2
Event: 4.614 Thread 0x0000014597ead800 DEOPT PACKING pc=0x00000145a35cd674 sp=0x00000006f7dfd190
Event: 4.614 Thread 0x0000014597ead800 DEOPT UNPACKING pc=0x000001459b9ea1af sp=0x00000006f7dfcff0 mode 2
Event: 4.631 Thread 0x0000014597ead800 Uncommon trap: trap_request=0xffffff4d fr.pc=0x00000145a35ccd10 relative=0x00000000000000d0
Event: 4.631 Thread 0x0000014597ead800 Uncommon trap: reason=unstable_if action=reinterpret pc=0x00000145a35ccd10 method=org.jetbrains.kotlin.parsing.SemanticWhitespaceAwarePsiBuilderImpl.getJoinedTokenType(Lorg/jetbrains/kotlin/com/intellij/psi/tree/IElementType;I)Lorg/jetbrains/kotlin/com/in
Event: 4.631 Thread 0x0000014597ead800 DEOPT PACKING pc=0x00000145a35ccd10 sp=0x00000006f7dfca50
Event: 4.631 Thread 0x0000014597ead800 DEOPT UNPACKING pc=0x000001459b9ea1af sp=0x00000006f7dfc9d8 mode 2
Event: 4.636 Thread 0x0000014597ead800 Uncommon trap: trap_request=0xffffff4d fr.pc=0x00000145a35d0100 relative=0x0000000000000ec0
Event: 4.636 Thread 0x0000014597ead800 Uncommon trap: reason=unstable_if action=reinterpret pc=0x00000145a35d0100 method=org.jetbrains.kotlin.parsing.SemanticWhitespaceAwarePsiBuilderImpl.getJoinedTokenType(Lorg/jetbrains/kotlin/com/intellij/psi/tree/IElementType;I)Lorg/jetbrains/kotlin/com/in
Event: 4.636 Thread 0x0000014597ead800 DEOPT PACKING pc=0x00000145a35d0100 sp=0x00000006f7dfce40
Event: 4.636 Thread 0x0000014597ead800 DEOPT UNPACKING pc=0x000001459b9ea1af sp=0x00000006f7dfcdb8 mode 2

Classes redefined (0 events):
No events

Internal exceptions (20 events):
Event: 1.385 Thread 0x0000014597ead800 Exception <a 'java/lang/NoSuchMethodError'{0x00000000a647e860}: 'int java.lang.invoke.DirectMethodHandle$Holder.invokeSpecial(java.lang.Object, java.lang.Object, java.lang.Object, java.lang.Object)'> (0x00000000a647e860) thrown at [./src/hotspot/share/interpreter/linkResolver.cpp, line 773]
Event: 1.390 Thread 0x0000014597ead800 Exception <a 'java/lang/NoSuchMethodError'{0x00000000a648d898}: 'int java.lang.invoke.DelegatingMethodHandle$Holder.reinvoke_L(java.lang.Object, java.lang.Object, java.lang.Object, long, int)'> (0x00000000a648d898) thrown at [./src/hotspot/share/interpreter/linkResolver.cpp, line 773]
Event: 1.557 Thread 0x0000014597ead800 Exception <a 'java/lang/NoSuchMethodError'{0x00000000a60f5048}: 'int java.lang.invoke.DirectMethodHandle$Holder.invokeSpecialIFC(java.lang.Object, java.lang.Object, int)'> (0x00000000a60f5048) thrown at [./src/hotspot/share/interpreter/linkResolver.cpp, line 773]
Event: 1.819 Thread 0x0000014597ead800 Exception <a 'java/lang/NoSuchMethodError'{0x00000000a7cf3910}: 'java.lang.Object java.lang.invoke.DirectMethodHandle$Holder.invokeStaticInit(java.lang.Object, int)'> (0x00000000a7cf3910) thrown at [./src/hotspot/share/interpreter/linkResolver.cpp, line 773]
Event: 1.849 Thread 0x0000014597ead800 Exception <a 'java/lang/NoSuchMethodError'{0x00000000a7ac07e8}: 'long java.lang.invoke.DirectMethodHandle$Holder.invokeStatic(java.lang.Object)'> (0x00000000a7ac07e8) thrown at [./src/hotspot/share/interpreter/linkResolver.cpp, line 773]
Event: 1.849 Thread 0x0000014597ead800 Exception <a 'java/lang/NoSuchMethodError'{0x00000000a7ac3640}: 'long java.lang.invoke.DirectMethodHandle$Holder.invokeStaticInit(java.lang.Object)'> (0x00000000a7ac3640) thrown at [./src/hotspot/share/interpreter/linkResolver.cpp, line 773]
Event: 1.918 Thread 0x0000014597ead800 Exception <a 'java/lang/NoSuchMethodError'{0x00000000a766c5e8}: 'int java.lang.invoke.DirectMethodHandle$Holder.invokeStaticInit(java.lang.Object, java.lang.Object, java.lang.Object)'> (0x00000000a766c5e8) thrown at [./src/hotspot/share/interpreter/linkResolver.cpp, line 773]
Event: 1.922 Thread 0x0000014597ead800 Exception <a 'java/lang/NoSuchMethodError'{0x00000000a7697550}: 'int java.lang.invoke.DirectMethodHandle$Holder.invokeStaticInit(java.lang.Object, java.lang.Object)'> (0x00000000a7697550) thrown at [./src/hotspot/share/interpreter/linkResolver.cpp, line 773]
Event: 1.971 Thread 0x0000014597ead800 Exception <a 'java/lang/NoSuchMethodError'{0x00000000a74aceb8}: 'void java.lang.invoke.DirectMethodHandle$Holder.invokeSpecial(java.lang.Object, java.lang.Object)'> (0x00000000a74aceb8) thrown at [./src/hotspot/share/interpreter/linkResolver.cpp, line 773]
Event: 2.176 Thread 0x0000014597ead800 Exception <a 'java/lang/NoSuchMethodError'{0x00000000a6b0dd18}: 'java.lang.Object java.lang.invoke.DirectMethodHandle$Holder.invokeStatic(java.lang.Object, java.lang.Object, java.lang.Object, java.lang.Object, java.lang.Object, java.lang.Object, java.lang.Object, java.lang.Object, java.lang.Object, java.lang.Object, java.lang.Object, java.lang.Object, java.lang.Object, java.lang.Object, java.lang.Object)'> (0x00000000a6b0dd18) thrown at [./src/hotspot/share/interpreter/linkResolver.cpp, line 773]
Event: 2.178 Thread 0x0000014597ead800 Exception <a 'java/lang/NoSuchMethodError'{0x00000000a6b1bd20}: 'java.lang.Object java.lang.invoke.DirectMethodHandle$Holder.invokeStatic(java.lang.Object, java.lang.Object, java.lang.Object, java.lang.Object, java.lang.Object, java.lang.Object, java.lang.Object, java.lang.Object, java.lang.Object, java.lang.Object, java.lang.Object, java.lang.Object, java.lang.Object, java.lang.Object, java.lang.Object, java.lang.Object)'> (0x00000000a6b1bd20) thrown at [./src/hotspot/share/interpreter/linkResolver.cpp, l
Event: 2.180 Thread 0x0000014597ead800 Exception <a 'java/lang/NoSuchMethodError'{0x00000000a6b29c38}: 'java.lang.Object java.lang.invoke.DirectMethodHandle$Holder.invokeSpecial(java.lang.Object, java.lang.Object, int, int, java.lang.Object, java.lang.Object, java.lang.Object)'> (0x00000000a6b29c38) thrown at [./src/hotspot/share/interpreter/linkResolver.cpp, line 773]
Event: 2.180 Thread 0x0000014597ead800 Exception <a 'java/lang/NoSuchMethodError'{0x00000000a6b2d470}: 'java.lang.Object java.lang.invoke.DelegatingMethodHandle$Holder.reinvoke_L(java.lang.Object, int, int, java.lang.Object, java.lang.Object, java.lang.Object)'> (0x00000000a6b2d470) thrown at [./src/hotspot/share/interpreter/linkResolver.cpp, line 773]
Event: 2.181 Thread 0x0000014597ead800 Exception <a 'java/lang/NoSuchMethodError'{0x00000000a6b317f8}: 'java.lang.Object java.lang.invoke.DirectMethodHandle$Holder.invokeStatic(java.lang.Object, java.lang.Object, java.lang.Object, java.lang.Object, int)'> (0x00000000a6b317f8) thrown at [./src/hotspot/share/interpreter/linkResolver.cpp, line 773]
Event: 2.232 Thread 0x0000014597ead800 Exception <a 'java/lang/NoSuchMethodError'{0x00000000a6a56530}: 'void java.lang.invoke.DirectMethodHandle$Holder.invokeStatic(java.lang.Object, java.lang.Object, java.lang.Object, java.lang.Object)'> (0x00000000a6a56530) thrown at [./src/hotspot/share/interpreter/linkResolver.cpp, line 773]
Event: 2.302 Thread 0x0000014597ead800 Exception <a 'java/lang/NoSuchMethodError'{0x00000000a663cc40}: 'void java.lang.invoke.DirectMethodHandle$Holder.invokeStaticInit(java.lang.Object, java.lang.Object)'> (0x00000000a663cc40) thrown at [./src/hotspot/share/interpreter/linkResolver.cpp, line 773]
Event: 2.404 Thread 0x0000014597ead800 Exception <a 'java/lang/NoSuchMethodError'{0x00000000a62caaa0}: 'void java.lang.invoke.DirectMethodHandle$Holder.invokeVirtual(java.lang.Object, java.lang.Object)'> (0x00000000a62caaa0) thrown at [./src/hotspot/share/interpreter/linkResolver.cpp, line 773]
Event: 2.417 Thread 0x0000014597ead800 Exception <a 'java/lang/NoSuchMethodError'{0x00000000a61622d8}: 'int java.lang.invoke.DirectMethodHandle$Holder.invokeVirtual(java.lang.Object, java.lang.Object)'> (0x00000000a61622d8) thrown at [./src/hotspot/share/interpreter/linkResolver.cpp, line 773]
Event: 3.389 Thread 0x0000014597ead800 Exception <a 'java/lang/NoSuchMethodError'{0x00000000a7739ff8}: 'java.lang.Object java.lang.invoke.DirectMethodHandle$Holder.invokeVirtual(java.lang.Object, java.lang.Object, java.lang.Object)'> (0x00000000a7739ff8) thrown at [./src/hotspot/share/interpreter/linkResolver.cpp, line 773]
Event: 4.527 Thread 0x0000014597ead800 Exception <a 'java/lang/NoSuchMethodError'{0x00000000a8b0f7f8}: 'java.lang.Object java.lang.invoke.Invokers$Holder.linkToTargetMethod(java.lang.Object, int, java.lang.Object)'> (0x00000000a8b0f7f8) thrown at [./src/hotspot/share/interpreter/linkResolver.cpp, line 773]

Events (20 events):
Event: 4.791 loading class org/jetbrains/kotlin/load/kotlin/KotlinClassFinder$Result
Event: 4.791 loading class org/jetbrains/kotlin/load/kotlin/KotlinClassFinder$Result done
Event: 4.791 loading class org/jetbrains/kotlin/com/intellij/openapi/vfs/VirtualFile
Event: 4.791 loading class org/jetbrains/kotlin/com/intellij/openapi/vfs/VirtualFile done
Event: 4.791 loading class org/jetbrains/kotlin/com/intellij/openapi/util/Computable
Event: 4.791 loading class org/jetbrains/kotlin/com/intellij/openapi/util/Computable done
Event: 4.792 loading class org/jetbrains/kotlin/load/kotlin/VirtualFileKotlinClass
Event: 4.792 loading class org/jetbrains/kotlin/load/kotlin/VirtualFileKotlinClass done
Event: 4.792 loading class org/jetbrains/kotlin/load/kotlin/FileBasedKotlinClass
Event: 4.792 loading class org/jetbrains/kotlin/load/kotlin/FileBasedKotlinClass done
Event: 4.793 loading class org/jetbrains/org/objectweb/asm/ClassVisitor
Event: 4.793 loading class org/jetbrains/org/objectweb/asm/ClassVisitor done
Event: 4.794 loading class org/jetbrains/kotlin/load/kotlin/FileBasedKotlinClass$1
Event: 4.794 loading class org/jetbrains/kotlin/load/kotlin/FileBasedKotlinClass$1 done
Event: 4.795 loading class org/jetbrains/kotlin/load/kotlin/FileBasedKotlinClass$4
Event: 4.795 loading class org/jetbrains/kotlin/load/kotlin/FileBasedKotlinClass$4 done
Event: 4.795 loading class org/jetbrains/kotlin/load/kotlin/FileBasedKotlinClass$2
Event: 4.795 loading class org/jetbrains/kotlin/load/kotlin/FileBasedKotlinClass$2 done
Event: 4.796 loading class org/jetbrains/org/objectweb/asm/AnnotationVisitor
Event: 4.796 loading class org/jetbrains/org/objectweb/asm/AnnotationVisitor done


Dynamic libraries:
0x00007ff642db0000 - 0x00007ff642dba000 	C:\Program Files\Android\Android Studio\jre\bin\java.exe
0x00007fff09e40000 - 0x00007fff0a049000 	C:\WINDOWS\SYSTEM32\ntdll.dll
0x00007fff08930000 - 0x00007fff089ee000 	C:\WINDOWS\System32\KERNEL32.DLL
0x00007fff07340000 - 0x00007fff076bb000 	C:\WINDOWS\System32\KERNELBASE.dll
0x00007fff07890000 - 0x00007fff079a1000 	C:\WINDOWS\System32\ucrtbase.dll
0x00007ffee28a0000 - 0x00007ffee28b9000 	C:\Program Files\Android\Android Studio\jre\bin\jli.dll
0x00007ffedf2f0000 - 0x00007ffedf307000 	C:\Program Files\Android\Android Studio\jre\bin\VCRUNTIME140.dll
0x00007fff08c50000 - 0x00007fff08dfd000 	C:\WINDOWS\System32\USER32.dll
0x00007fff07310000 - 0x00007fff07336000 	C:\WINDOWS\System32\win32u.dll
0x00007fff083b0000 - 0x00007fff083d9000 	C:\WINDOWS\System32\GDI32.dll
0x00007fff07b20000 - 0x00007fff07c38000 	C:\WINDOWS\System32\gdi32full.dll
0x00007ffee3920000 - 0x00007ffee3bc5000 	C:\WINDOWS\WinSxS\amd64_microsoft.windows.common-controls_6595b64144ccf1df_6.0.22000.120_none_9d947278b86cc467\COMCTL32.dll
0x00007fff077f0000 - 0x00007fff0788d000 	C:\WINDOWS\System32\msvcp_win.dll
0x00007fff07db0000 - 0x00007fff07e53000 	C:\WINDOWS\System32\msvcrt.dll
0x00007fff08580000 - 0x00007fff085b2000 	C:\WINDOWS\System32\IMM32.DLL
0x000000006aa50000 - 0x000000006aa5c000 	C:\Program Files (x86)\360\Total Security\safemon\SafeWrapper.dll
0x00007fff097f0000 - 0x00007fff0989e000 	C:\WINDOWS\System32\ADVAPI32.dll
0x00007fff081f0000 - 0x00007fff0828e000 	C:\WINDOWS\System32\sechost.dll
0x00007fff08290000 - 0x00007fff083b0000 	C:\WINDOWS\System32\RPCRT4.dll
0x00007ffedf0c0000 - 0x00007ffedf152000 	C:\Program Files (x86)\360\Total Security\safemon\libzdtp64.dll
0x00007fff08f70000 - 0x00007fff09727000 	C:\WINDOWS\System32\SHELL32.dll
0x00007fff08630000 - 0x00007fff0868d000 	C:\WINDOWS\System32\SHLWAPI.dll
0x00007fff06d30000 - 0x00007fff06d3a000 	C:\WINDOWS\SYSTEM32\VERSION.dll
0x00007ffedf020000 - 0x00007ffedf0bd000 	C:\Program Files\Android\Android Studio\jre\bin\msvcp140.dll
0x00007ffe87a70000 - 0x00007ffe88555000 	C:\Program Files\Android\Android Studio\jre\bin\server\jvm.dll
0x00007fff08c30000 - 0x00007fff08c38000 	C:\WINDOWS\System32\PSAPI.DLL
0x00007fff040e0000 - 0x00007fff040e9000 	C:\WINDOWS\SYSTEM32\WSOCK32.dll
0x00007fff01df0000 - 0x00007fff01e23000 	C:\WINDOWS\SYSTEM32\WINMM.dll
0x00007fff085c0000 - 0x00007fff0862f000 	C:\WINDOWS\System32\WS2_32.dll
0x00007fff06300000 - 0x00007fff06318000 	C:\WINDOWS\SYSTEM32\kernel.appcore.dll
0x00007ffeeac40000 - 0x00007ffeeac51000 	C:\Program Files\Android\Android Studio\jre\bin\verify.dll
0x00007ffefc850000 - 0x00007ffefca71000 	C:\WINDOWS\SYSTEM32\DBGHELP.DLL
0x00007ffefd890000 - 0x00007ffefd8c1000 	C:\WINDOWS\SYSTEM32\dbgcore.DLL
0x00007fff07c40000 - 0x00007fff07cbf000 	C:\WINDOWS\System32\bcryptPrimitives.dll
0x00007ffeeac10000 - 0x00007ffeeac39000 	C:\Program Files\Android\Android Studio\jre\bin\java.dll
0x00007fff023c0000 - 0x00007fff023cb000 	C:\Program Files\Android\Android Studio\jre\bin\jimage.dll
0x00007ffeeabf0000 - 0x00007ffeeac08000 	C:\Program Files\Android\Android Studio\jre\bin\zip.dll
0x00007fff05350000 - 0x00007fff05bb5000 	C:\WINDOWS\SYSTEM32\windows.storage.dll
0x00007fff07e60000 - 0x00007fff081d8000 	C:\WINDOWS\System32\combase.dll
0x00007fff051e0000 - 0x00007fff05346000 	C:\WINDOWS\SYSTEM32\wintypes.dll
0x00007fff09d10000 - 0x00007fff09dfa000 	C:\WINDOWS\System32\SHCORE.dll
0x00007fff07240000 - 0x00007fff07261000 	C:\WINDOWS\SYSTEM32\profapi.dll
0x00007ffeeabd0000 - 0x00007ffeeabea000 	C:\Program Files\Android\Android Studio\jre\bin\net.dll
0x00007fff01660000 - 0x00007fff01774000 	C:\WINDOWS\SYSTEM32\WINHTTP.dll
0x00007fff067c0000 - 0x00007fff06827000 	C:\WINDOWS\system32\mswsock.dll
0x00007ffee9f90000 - 0x00007ffee9fa4000 	C:\Program Files\Android\Android Studio\jre\bin\nio.dll

dbghelp: loaded successfully - version: 4.0.5 - missing functions: none
symbol engine: initialized successfully - sym options: 0x614 - pdb path: .;C:\Program Files\Android\Android Studio\jre\bin;C:\WINDOWS\SYSTEM32;C:\WINDOWS\WinSxS\amd64_microsoft.windows.common-controls_6595b64144ccf1df_6.0.22000.120_none_9d947278b86cc467;C:\Program Files (x86)\360\Total Security\safemon;C:\Program Files\Android\Android Studio\jre\bin\server

VM Arguments:
java_command: org.jetbrains.kotlin.cli.jvm.K2JVMCompiler @C:\Users\Lenovo\AndroidStudioProjects\6monthProject\app\build\20230131_16101190902622119725.compiler.options
java_class_path (initial): C:\Users\Lenovo\.gradle\caches\modules-2\files-2.1\org.jetbrains.kotlin\kotlin-compiler-embeddable\1.7.10\909803167c98606fcf22b4c848647c68e351d48d\kotlin-compiler-embeddable-1.7.10.jar;C:\Users\Lenovo\.gradle\caches\modules-2\files-2.1\org.jetbrains.kotlin\kotlin-reflect\1.7.10\165e600dfea6185cf5efa700756294cc4904dbeb\kotlin-reflect-1.7.10.jar;C:\Users\Lenovo\.gradle\caches\modules-2\files-2.1\org.jetbrains.kotlin\kotlin-stdlib\1.7.10\d2abf9e77736acc4450dc4a3f707fa2c10f5099d\kotlin-stdlib-1.7.10.jar;C:\Users\Lenovo\.gradle\caches\modules-2\files-2.1\org.jetbrains.kotlin\kotlin-script-runtime\1.7.10\c99c87a6988d8fd8d5142e9ed5c9f34a7cf561ee\kotlin-script-runtime-1.7.10.jar;C:\Users\Lenovo\.gradle\caches\modules-2\files-2.1\org.jetbrains.kotlin\kotlin-daemon-embeddable\1.7.10\3a9f7aef7080d3ae63126cbba4f827ed664f32fa\kotlin-daemon-embeddable-1.7.10.jar;C:\Users\Lenovo\.gradle\caches\modules-2\files-2.1\org.jetbrains.intellij.deps\trove4j\1.0.20200330\3afb14d5f9ceb459d724e907a21145e8ff394f02\trove4j-1.0.20200330.jar;C:\Users\Lenovo\.gradle\caches\modules-2\files-2.1\net.java.dev.jna\jna\5.6.0\330f2244e9030119ab3030fc3fededc86713d9cc\jna-5.6.0.jar;C:\Users\Lenovo\.gradle\caches\modules-2\files-2.1\org.jetbrains.kotlin\kotlin-stdlib-common\1.7.10\bac80c520d0a9e3f3673bc2658c6ed02ef45a76a\kotlin-stdlib-common-1.7.10.jar;C:\Users\Lenovo\.gradle\caches\modules-2\files-2.1\org.jetbrains\annotations\13.0\919f0dfe192fb4e063e7dacadee7f8bb9a2672a9\annotations-13.0.jar
Launcher Type: SUN_STANDARD

[Global flags]
     intx CICompilerCount                          = 4                                         {product} {ergonomic}
     uint ConcGCThreads                            = 3                                         {product} {ergonomic}
     uint G1ConcRefinementThreads                  = 10                                        {product} {ergonomic}
   size_t G1HeapRegionSize                         = 1048576                                   {product} {ergonomic}
    uintx GCDrainStackTargetSize                   = 64                                        {product} {ergonomic}
   size_t InitialHeapSize                          = 98566144                                  {product} {ergonomic}
   size_t MarkStackSize                            = 4194304                                   {product} {ergonomic}
   size_t MaxHeapSize                              = 1574961152                                {product} {ergonomic}
   size_t MaxNewSize                               = 944766976                                 {product} {ergonomic}
   size_t MinHeapDeltaBytes                        = 1048576                                   {product} {ergonomic}
    uintx NonNMethodCodeHeapSize                   = 5836300                                {pd product} {ergonomic}
    uintx NonProfiledCodeHeapSize                  = 122910970                              {pd product} {ergonomic}
    uintx ProfiledCodeHeapSize                     = 122910970                              {pd product} {ergonomic}
    uintx ReservedCodeCacheSize                    = 251658240                              {pd product} {ergonomic}
     bool SegmentedCodeCache                       = true                                      {product} {ergonomic}
     bool UseCompressedClassPointers               = true                                 {lp64_product} {ergonomic}
     bool UseCompressedOops                        = true                                 {lp64_product} {ergonomic}
     bool UseG1GC                                  = true                                      {product} {ergonomic}
     bool UseLargePagesIndividualAllocation        = false                                  {pd product} {ergonomic}

Logging:
Log output configuration:
 #0: stdout all=warning uptime,level,tags
 #1: stderr all=off uptime,level,tags

Environment Variables:
JAVA_HOME=C:\Program Files\Java\jdk-18.0.1.1
PATH=C:\Program Files\Common Files\Oracle\Java\javapath;C:\WINDOWS\system32;C:\WINDOWS;C:\WINDOWS\System32\Wbem;C:\WINDOWS\System32\WindowsPowerShell\v1.0\;C:\WINDOWS\System32\OpenSSH\;C:\Program Files\Java\jdk-18.0.1.1\bin;C:\Program Files\Java\jdk-18.0.1.1\bin;C:\Program Files\Git\cmd;C:\Users\Lenovo\AppData\Local\Microsoft\WindowsApps;C:\Users\Lenovo\AppData\Local\Programs\Microsoft VS Code\bin;C:\Program Files\JetBrains\IntelliJ IDEA 2022.1.3\bin;;C:\Program Files\JetBrains\IntelliJ IDEA Community Edition 2020.2.4\bin;;
USERNAME=Lenovo
OS=Windows_NT
PROCESSOR_IDENTIFIER=AMD64 Family 23 Model 104 Stepping 1, AuthenticAMD



---------------  S Y S T E M  ---------------

OS: Windows 10 , 64 bit Build 22000 (10.0.22000.1335)
OS uptime: 3 days 18:10 hours
Hyper-V role detected

CPU:total 12 (initial active 12) (12 cores per cpu, 2 threads per core) family 23 model 104 stepping 1 microcode 0x0, cmov, cx8, fxsr, mmx, sse, sse2, sse3, ssse3, sse4.1, sse4.2, popcnt, avx, avx2, aes, clmul, mmxext, 3dnowpref, lzcnt, sse4a, ht, tsc, tscinvbit, tscinv, bmi1, bmi2, adx, sha, fma

Memory: 4k page, system-wide physical 6005M (405M free)
TotalPageFile size 24437M (AvailPageFile size 0M)
current process WorkingSet (physical memory assigned to process): 232M, peak: 232M
current process commit charge ("private bytes"): 297M, peak: 297M

vm_info: OpenJDK 64-Bit Server VM (11.0.12+7-b1504.28-7817840) for windows-amd64 JRE (11.0.12+7-b1504.28-7817840), built on Oct 13 2021 22:12:33 by "builder" with MS VC++ 14.0 (VS2015)

END.
