#
# There is insufficient memory for the Java Runtime Environment to continue.
# Native memory allocation (mmap) failed to map 98566144 bytes for Failed to commit area from 0x00000000a2200000 to 0x00000000a8000000 of length 98566144.
# Possible reasons:
#   The system is out of physical RAM or swap space
#   The process is running with CompressedOops enabled, and the Java Heap may be blocking the growth of the native heap
# Possible solutions:
#   Reduce memory load on the system
#   Increase physical memory or swap space
#   Check if swap backing store is full
#   Decrease Java heap size (-Xmx/-Xms)
#   Decrease number of Java threads
#   Decrease Java thread stack sizes (-Xss)
#   Set larger code cache with -XX:ReservedCodeCacheSize=
# This output file may be truncated or incomplete.
#
#  Out of Memory Error (./src/hotspot/os/windows/os_windows.cpp:3521), pid=45608, tid=16404
#
# JRE version:  (11.0.12+7) (build )
# Java VM: OpenJDK 64-Bit Server VM (11.0.12+7-b1504.28-7817840, mixed mode, sharing, tiered, compressed oops, g1 gc, windows-amd64)
# No core dump will be written. Minidumps are not enabled by default on client versions of Windows
#

---------------  S U M M A R Y ------------

Command Line: org.jetbrains.kotlin.cli.jvm.K2JVMCompiler @C:\Users\Lenovo\AndroidStudioProjects\6monthProject\app\build\20230131_11363876184855755448.compiler.options

Host: AMD Ryzen 5 5500U with Radeon Graphics         , 12 cores, 5G,  Windows 10 , 64 bit Build 22000 (10.0.22000.1335)
Time: Tue Jan 31 16:08:17 2023 Центральная Азия (зима) elapsed time: 0.032167 seconds (0d 0h 0m 0s)

---------------  T H R E A D  ---------------

Current thread (0x0000025b1aa6d000):  JavaThread "Unknown thread" [_thread_in_vm, id=16404, stack(0x000000d53b300000,0x000000d53b400000)]

Stack: [0x000000d53b300000,0x000000d53b400000]
Native frames: (J=compiled Java code, j=interpreted, Vv=VM code, C=native code)
V  [jvm.dll+0x5fbcea]
V  [jvm.dll+0x731905]
V  [jvm.dll+0x732f1d]
V  [jvm.dll+0x7335d3]
V  [jvm.dll+0x247bf8]
V  [jvm.dll+0x5f90b4]
V  [jvm.dll+0x5edc85]
V  [jvm.dll+0x305aeb]
V  [jvm.dll+0x305a5a]
V  [jvm.dll+0x305932]
V  [jvm.dll+0x30a896]
V  [jvm.dll+0x353803]
V  [jvm.dll+0x353f06]
V  [jvm.dll+0x353903]
V  [jvm.dll+0x2e0678]
V  [jvm.dll+0x2e1827]
V  [jvm.dll+0x710037]
V  [jvm.dll+0x71182c]
V  [jvm.dll+0x360da9]
V  [jvm.dll+0x6f390e]
V  [jvm.dll+0x3c9723]
V  [jvm.dll+0x3cb9b1]
C  [jli.dll+0x536b]
C  [ucrtbase.dll+0x26c0c]
C  [KERNEL32.DLL+0x155a0]
C  [ntdll.dll+0x485b]


---------------  P R O C E S S  ---------------

Threads class SMR info:
_java_thread_list=0x0000025b187d9290, length=0, elements={
}

Java Threads: ( => current thread )

Other Threads:
  0x0000025b1aa85000 GCTaskThread "GC Thread#0" [stack: 0x000000d53b400000,0x000000d53b500000] [id=59292]
  0x0000025b1aaae800 ConcurrentGCThread "G1 Main Marker" [stack: 0x000000d53b500000,0x000000d53b600000] [id=46760]
  0x0000025b1aab0800 ConcurrentGCThread "G1 Conc#0" [stack: 0x000000d53b600000,0x000000d53b700000] [id=11948]

[error occurred during error reporting (printing all threads), id 0xc0000005, EXCEPTION_ACCESS_VIOLATION (0xc0000005) at pc=0x00007ffe87d60be7]

VM state:not at safepoint (not fully initialized)

VM Mutex/Monitor currently owned by a thread:  ([mutex/lock_event])
[0x0000025b1aa6ab40] Heap_lock - owner thread: 0x0000025b1aa6d000

Heap address: 0x00000000a2200000, size: 1502 MB, Compressed Oops mode: Non-zero based: 0x00000000a2200000
Narrow klass base: 0x0000000000000000, Narrow klass shift: 0

GC Heap History (0 events):
No events

Deoptimization events (0 events):
No events

Classes redefined (0 events):
No events

Internal exceptions (0 events):
No events

Events (1 events):
Event: 0.024 Loaded shared library C:\Program Files\Android\Android Studio\jre\bin\zip.dll


Dynamic libraries:
0x00007ff642db0000 - 0x00007ff642dba000 	C:\Program Files\Android\Android Studio\jre\bin\java.exe
0x00007fff09e40000 - 0x00007fff0a049000 	C:\WINDOWS\SYSTEM32\ntdll.dll
0x00007fff08930000 - 0x00007fff089ee000 	C:\WINDOWS\System32\KERNEL32.DLL
0x00007fff07340000 - 0x00007fff076bb000 	C:\WINDOWS\System32\KERNELBASE.dll
0x00007fff07890000 - 0x00007fff079a1000 	C:\WINDOWS\System32\ucrtbase.dll
0x00007ffedf2f0000 - 0x00007ffedf307000 	C:\Program Files\Android\Android Studio\jre\bin\VCRUNTIME140.dll
0x00007ffee28a0000 - 0x00007ffee28b9000 	C:\Program Files\Android\Android Studio\jre\bin\jli.dll
0x00007fff08c50000 - 0x00007fff08dfd000 	C:\WINDOWS\System32\USER32.dll
0x00007fff07310000 - 0x00007fff07336000 	C:\WINDOWS\System32\win32u.dll
0x00007fff083b0000 - 0x00007fff083d9000 	C:\WINDOWS\System32\GDI32.dll
0x00007ffee3920000 - 0x00007ffee3bc5000 	C:\WINDOWS\WinSxS\amd64_microsoft.windows.common-controls_6595b64144ccf1df_6.0.22000.120_none_9d947278b86cc467\COMCTL32.dll
0x00007fff07b20000 - 0x00007fff07c38000 	C:\WINDOWS\System32\gdi32full.dll
0x00007fff07db0000 - 0x00007fff07e53000 	C:\WINDOWS\System32\msvcrt.dll
0x00007fff077f0000 - 0x00007fff0788d000 	C:\WINDOWS\System32\msvcp_win.dll
0x00007fff08580000 - 0x00007fff085b2000 	C:\WINDOWS\System32\IMM32.DLL
0x000000006aa50000 - 0x000000006aa5c000 	C:\Program Files (x86)\360\Total Security\safemon\SafeWrapper.dll
0x00007fff097f0000 - 0x00007fff0989e000 	C:\WINDOWS\System32\ADVAPI32.dll
0x00007fff081f0000 - 0x00007fff0828e000 	C:\WINDOWS\System32\sechost.dll
0x00007fff08290000 - 0x00007fff083b0000 	C:\WINDOWS\System32\RPCRT4.dll
0x00007ffedf0c0000 - 0x00007ffedf152000 	C:\Program Files (x86)\360\Total Security\safemon\libzdtp64.dll
0x00007fff08f70000 - 0x00007fff09727000 	C:\WINDOWS\System32\SHELL32.dll
0x00007fff08630000 - 0x00007fff0868d000 	C:\WINDOWS\System32\SHLWAPI.dll
0x00007fff06d30000 - 0x00007fff06d3a000 	C:\WINDOWS\SYSTEM32\VERSION.dll
0x00007ffedf020000 - 0x00007ffedf0bd000 	C:\Program Files\Android\Android Studio\jre\bin\msvcp140.dll
0x00007ffe87a70000 - 0x00007ffe88555000 	C:\Program Files\Android\Android Studio\jre\bin\server\jvm.dll
0x00007fff08c30000 - 0x00007fff08c38000 	C:\WINDOWS\System32\PSAPI.DLL
0x00007fff040e0000 - 0x00007fff040e9000 	C:\WINDOWS\SYSTEM32\WSOCK32.dll
0x00007fff085c0000 - 0x00007fff0862f000 	C:\WINDOWS\System32\WS2_32.dll
0x00007fff01df0000 - 0x00007fff01e23000 	C:\WINDOWS\SYSTEM32\WINMM.dll
0x00007fff06300000 - 0x00007fff06318000 	C:\WINDOWS\SYSTEM32\kernel.appcore.dll
0x00007ffeeac40000 - 0x00007ffeeac51000 	C:\Program Files\Android\Android Studio\jre\bin\verify.dll
0x00007ffefc850000 - 0x00007ffefca71000 	C:\WINDOWS\SYSTEM32\DBGHELP.DLL
0x00007ffefd890000 - 0x00007ffefd8c1000 	C:\WINDOWS\SYSTEM32\dbgcore.DLL
0x00007fff07c40000 - 0x00007fff07cbf000 	C:\WINDOWS\System32\bcryptPrimitives.dll
0x00007ffeeac10000 - 0x00007ffeeac39000 	C:\Program Files\Android\Android Studio\jre\bin\java.dll
0x00007fff023c0000 - 0x00007fff023cb000 	C:\Program Files\Android\Android Studio\jre\bin\jimage.dll
0x00007ffeeabf0000 - 0x00007ffeeac08000 	C:\Program Files\Android\Android Studio\jre\bin\zip.dll

dbghelp: loaded successfully - version: 4.0.5 - missing functions: none
symbol engine: initialized successfully - sym options: 0x614 - pdb path: .;C:\Program Files\Android\Android Studio\jre\bin;C:\WINDOWS\SYSTEM32;C:\WINDOWS\WinSxS\amd64_microsoft.windows.common-controls_6595b64144ccf1df_6.0.22000.120_none_9d947278b86cc467;C:\Program Files (x86)\360\Total Security\safemon;C:\Program Files\Android\Android Studio\jre\bin\server

VM Arguments:
java_command: org.jetbrains.kotlin.cli.jvm.K2JVMCompiler @C:\Users\Lenovo\AndroidStudioProjects\6monthProject\app\build\20230131_11363876184855755448.compiler.options
java_class_path (initial): C:\Users\Lenovo\.gradle\caches\modules-2\files-2.1\org.jetbrains.kotlin\kotlin-compiler-embeddable\1.7.10\909803167c98606fcf22b4c848647c68e351d48d\kotlin-compiler-embeddable-1.7.10.jar;C:\Users\Lenovo\.gradle\caches\modules-2\files-2.1\org.jetbrains.kotlin\kotlin-reflect\1.7.10\165e600dfea6185cf5efa700756294cc4904dbeb\kotlin-reflect-1.7.10.jar;C:\Users\Lenovo\.gradle\caches\modules-2\files-2.1\org.jetbrains.kotlin\kotlin-stdlib\1.7.10\d2abf9e77736acc4450dc4a3f707fa2c10f5099d\kotlin-stdlib-1.7.10.jar;C:\Users\Lenovo\.gradle\caches\modules-2\files-2.1\org.jetbrains.kotlin\kotlin-script-runtime\1.7.10\c99c87a6988d8fd8d5142e9ed5c9f34a7cf561ee\kotlin-script-runtime-1.7.10.jar;C:\Users\Lenovo\.gradle\caches\modules-2\files-2.1\org.jetbrains.kotlin\kotlin-daemon-embeddable\1.7.10\3a9f7aef7080d3ae63126cbba4f827ed664f32fa\kotlin-daemon-embeddable-1.7.10.jar;C:\Users\Lenovo\.gradle\caches\modules-2\files-2.1\org.jetbrains.intellij.deps\trove4j\1.0.20200330\3afb14d5f9ceb459d724e907a21145e8ff394f02\trove4j-1.0.20200330.jar;C:\Users\Lenovo\.gradle\caches\modules-2\files-2.1\net.java.dev.jna\jna\5.6.0\330f2244e9030119ab3030fc3fededc86713d9cc\jna-5.6.0.jar;C:\Users\Lenovo\.gradle\caches\modules-2\files-2.1\org.jetbrains.kotlin\kotlin-stdlib-common\1.7.10\bac80c520d0a9e3f3673bc2658c6ed02ef45a76a\kotlin-stdlib-common-1.7.10.jar;C:\Users\Lenovo\.gradle\caches\modules-2\files-2.1\org.jetbrains\annotations\13.0\919f0dfe192fb4e063e7dacadee7f8bb9a2672a9\annotations-13.0.jar
Launcher Type: SUN_STANDARD

[Global flags]
     intx CICompilerCount                          = 4                                         {product} {ergonomic}
     uint ConcGCThreads                            = 3                                         {product} {ergonomic}
     uint G1ConcRefinementThreads                  = 10                                        {product} {ergonomic}
   size_t G1HeapRegionSize                         = 1048576                                   {product} {ergonomic}
    uintx GCDrainStackTargetSize                   = 64                                        {product} {ergonomic}
   size_t InitialHeapSize                          = 98566144                                  {product} {ergonomic}
   size_t MarkStackSize                            = 4194304                                   {product} {ergonomic}
   size_t MaxHeapSize                              = 1574961152                                {product} {ergonomic}
   size_t MinHeapDeltaBytes                        = 1048576                                   {product} {ergonomic}
    uintx NonNMethodCodeHeapSize                   = 5836300                                {pd product} {ergonomic}
    uintx NonProfiledCodeHeapSize                  = 122910970                              {pd product} {ergonomic}
    uintx ProfiledCodeHeapSize                     = 122910970                              {pd product} {ergonomic}
    uintx ReservedCodeCacheSize                    = 251658240                              {pd product} {ergonomic}
     bool SegmentedCodeCache                       = true                                      {product} {ergonomic}
     bool UseCompressedClassPointers               = true                                 {lp64_product} {ergonomic}
     bool UseCompressedOops                        = true                                 {lp64_product} {ergonomic}
     bool UseG1GC                                  = true                                      {product} {ergonomic}
     bool UseLargePagesIndividualAllocation        = false                                  {pd product} {ergonomic}

Logging:
Log output configuration:
 #0: stdout all=warning uptime,level,tags
 #1: stderr all=off uptime,level,tags

Environment Variables:
JAVA_HOME=C:\Program Files\Java\jdk-18.0.1.1
PATH=C:\Program Files\Common Files\Oracle\Java\javapath;C:\WINDOWS\system32;C:\WINDOWS;C:\WINDOWS\System32\Wbem;C:\WINDOWS\System32\WindowsPowerShell\v1.0\;C:\WINDOWS\System32\OpenSSH\;C:\Program Files\Java\jdk-18.0.1.1\bin;C:\Program Files\Java\jdk-18.0.1.1\bin;C:\Program Files\Git\cmd;C:\Users\Lenovo\AppData\Local\Microsoft\WindowsApps;C:\Users\Lenovo\AppData\Local\Programs\Microsoft VS Code\bin;C:\Program Files\JetBrains\IntelliJ IDEA 2022.1.3\bin;;C:\Program Files\JetBrains\IntelliJ IDEA Community Edition 2020.2.4\bin;;
USERNAME=Lenovo
OS=Windows_NT
PROCESSOR_IDENTIFIER=AMD64 Family 23 Model 104 Stepping 1, AuthenticAMD



---------------  S Y S T E M  ---------------

OS: Windows 10 , 64 bit Build 22000 (10.0.22000.1335)
OS uptime: 3 days 18:08 hours
Hyper-V role detected

CPU:total 12 (initial active 12) (12 cores per cpu, 2 threads per core) family 23 model 104 stepping 1 microcode 0x0, cmov, cx8, fxsr, mmx, sse, sse2, sse3, ssse3, sse4.1, sse4.2, popcnt, avx, avx2, aes, clmul, mmxext, 3dnowpref, lzcnt, sse4a, ht, tsc, tscinvbit, tscinv, bmi1, bmi2, adx, sha, fma

Memory: 4k page, system-wide physical 6005M (443M free)
TotalPageFile size 24437M (AvailPageFile size 31M)
current process WorkingSet (physical memory assigned to process): 11M, peak: 11M
current process commit charge ("private bytes"): 64M, peak: 158M

vm_info: OpenJDK 64-Bit Server VM (11.0.12+7-b1504.28-7817840) for windows-amd64 JRE (11.0.12+7-b1504.28-7817840), built on Oct 13 2021 22:12:33 by "builder" with MS VC++ 14.0 (VS2015)

END.
